<?xml version="1.0" encoding="UTF-8"?>
<!-- Generated by org.testng.reporters.JUnitReportReporter -->
<testsuite hostname="DESKTOP-FGR1E2U" failures="0" tests="1" name="Test_Scenarios.TestMethods" time="11.246" errors="0" timestamp="2023-07-20T21:36:00 TRT" skipped="0">
  <testcase classname="Test_Scenarios.TestMethods" name="BrandsVisibilityTest" time="11.246"/>
  <system-out/>
</testsuite> <!-- Test_Scenarios.TestMethods -->
